<?xml version="1.0" encoding="UTF-8"?>
<!-- Generated by org.testng.reporters.JUnitReportReporter -->
<testsuite skipped="0" hostname="nbhydnkasinap10" name="com.sikuli.testCases.Registration" tests="1" failures="0" timestamp="09 Aug 2020 03:07:34 GMT" time="6.294" errors="0">
  <testcase name="registration" time="6.294" classname="com.sikuli.testCases.Registration"/>
</testsuite> <!-- com.sikuli.testCases.Registration -->
